Determining if the pthread_create exist failed with the following output:
Change Dir: /home/albert/ias_ros/src/despot/cmake-build-debug/CMakeFiles/CMakeTmp

Run Build Command:"/usr/bin/make" "cmTC_17bd0/fast"
/usr/bin/make -f CMakeFiles/cmTC_17bd0.dir/build.make CMakeFiles/cmTC_17bd0.dir/build
make[1]: Entering directory '/home/albert/ias_ros/src/despot/cmake-build-debug/CMakeFiles/CMakeTmp'
Building C object CMakeFiles/cmTC_17bd0.dir/CheckSymbolExists.c.o
/usr/local/bin/clang    -o CMakeFiles/cmTC_17bd0.dir/CheckSymbolExists.c.o   -c /home/albert/ias_ros/src/despot/cmake-build-debug/CMakeFiles/CMakeTmp/CheckSymbolExists.c
Linking C executable cmTC_17bd0
/opt/clion-2017.3.3/bin/cmake/bin/cmake -E cmake_link_script CMakeFiles/cmTC_17bd0.dir/link.txt --verbose=1
/usr/local/bin/clang      -rdynamic CMakeFiles/cmTC_17bd0.dir/CheckSymbolExists.c.o  -o cmTC_17bd0 
CMakeFiles/cmTC_17bd0.dir/CheckSymbolExists.c.o: In function `main':
/home/albert/ias_ros/src/despot/cmake-build-debug/CMakeFiles/CMakeTmp/CheckSymbolExists.c:(.text+0x19): undefined reference to `pthread_create'
clang: error: linker command failed with exit code 1 (use -v to see invocation)
CMakeFiles/cmTC_17bd0.dir/build.make:97: recipe for target 'cmTC_17bd0' failed
make[1]: *** [cmTC_17bd0] Error 1
make[1]: Leaving directory '/home/albert/ias_ros/src/despot/cmake-build-debug/CMakeFiles/CMakeTmp'
Makefile:126: recipe for target 'cmTC_17bd0/fast' failed
make: *** [cmTC_17bd0/fast] Error 2

File /home/albert/ias_ros/src/despot/cmake-build-debug/CMakeFiles/CMakeTmp/CheckSymbolExists.c:
/* */
#include <pthread.h>

int main(int argc, char** argv)
{
  (void)argv;
#ifndef pthread_create
  return ((int*)(&pthread_create))[argc];
#else
  (void)argc;
  return 0;
#endif
}

Determining if the function pthread_create exists in the pthreads failed with the following output:
Change Dir: /home/albert/ias_ros/src/despot/cmake-build-debug/CMakeFiles/CMakeTmp

Run Build Command:"/usr/bin/make" "cmTC_716dc/fast"
/usr/bin/make -f CMakeFiles/cmTC_716dc.dir/build.make CMakeFiles/cmTC_716dc.dir/build
make[1]: Entering directory '/home/albert/ias_ros/src/despot/cmake-build-debug/CMakeFiles/CMakeTmp'
Building C object CMakeFiles/cmTC_716dc.dir/CheckFunctionExists.c.o
/usr/local/bin/clang   -DCHECK_FUNCTION_EXISTS=pthread_create   -o CMakeFiles/cmTC_716dc.dir/CheckFunctionExists.c.o   -c /opt/clion-2017.3.3/bin/cmake/share/cmake-3.9/Modules/CheckFunctionExists.c
Linking C executable cmTC_716dc
/opt/clion-2017.3.3/bin/cmake/bin/cmake -E cmake_link_script CMakeFiles/cmTC_716dc.dir/link.txt --verbose=1
/usr/local/bin/clang  -DCHECK_FUNCTION_EXISTS=pthread_create    -rdynamic CMakeFiles/cmTC_716dc.dir/CheckFunctionExists.c.o  -o cmTC_716dc -lpthreads 
/usr/bin/ld: cannot find -lpthreads
clang: error: linker command failed with exit code 1 (use -v to see invocation)
CMakeFiles/cmTC_716dc.dir/build.make:97: recipe for target 'cmTC_716dc' failed
make[1]: *** [cmTC_716dc] Error 1
make[1]: Leaving directory '/home/albert/ias_ros/src/despot/cmake-build-debug/CMakeFiles/CMakeTmp'
Makefile:126: recipe for target 'cmTC_716dc/fast' failed
make: *** [cmTC_716dc/fast] Error 2


