\BOOKMARK [0][-]{chapter.1}{Introduction}{}% 1
\BOOKMARK [1][-]{section.1.1}{Background}{chapter.1}% 2
\BOOKMARK [1][-]{section.1.2}{Purpose}{chapter.1}% 3
\BOOKMARK [1][-]{section.1.3}{Thesis Outline}{chapter.1}% 4
\BOOKMARK [0][-]{chapter.2}{Fundamentals and Related Work}{}% 5
\BOOKMARK [1][-]{section.2.1}{State of the Art}{chapter.2}% 6
\BOOKMARK [1][-]{section.2.2}{Probabilistic Estimation Methods}{chapter.2}% 7
\BOOKMARK [1][-]{section.2.3}{Movement Prediction}{chapter.2}% 8
\BOOKMARK [0][-]{chapter.3}{Approach}{}% 9
\BOOKMARK [1][-]{section.3.1}{1st Simple Approach}{chapter.3}% 10
\BOOKMARK [0][-]{chapter.4}{Setup and Implementation}{}% 11
\BOOKMARK [0][-]{chapter.5}{Experiments and Results}{}% 12
\BOOKMARK [0][-]{chapter.6}{Security Aspects}{}% 13
\BOOKMARK [1][-]{section.6.1}{Background}{chapter.6}% 14
\BOOKMARK [1][-]{section.6.2}{Attack Taxonomy}{chapter.6}% 15
\BOOKMARK [1][-]{section.6.3}{Defense against Attacks Taxonomy}{chapter.6}% 16
\BOOKMARK [1][-]{section.6.4}{The most important attacks}{chapter.6}% 17
\BOOKMARK [0][-]{chapter.7}{Conclusions and Future Works}{}% 18
\BOOKMARK [0][-]{section*.31}{Bibliography}{}% 19
\BOOKMARK [0][-]{appendix.A}{Some Appendix}{}% 20
